/*C2*/SET SCHEMA PUBLIC
CONNECT USER SA
/*C3*/SET SCHEMA PUBLIC
CONNECT USER SA
SET AUTOCOMMIT FALSE
DELETE FROM BELEGUNG WHERE REIHEBEZ='reihe1' AND KATEGORIEBEZ='Kategorie 1' AND SAALBEZ='Saal 1' AND ORTBEZ='INT. TICKET SERVICE' AND ORT='Baumdorf' AND DATUMUHRZEIT='2016-04-03 18:00:22.406000000'
INSERT INTO BELEGUNG VALUES('reihe1','Kategorie 1','Saal 1','INT. TICKET SERVICE','Baumdorf','2016-04-03 18:00:22.406000000','VVVVVV',0,0,6)
COMMIT
INSERT INTO TRANSAKTION VALUES('2008-06-12 11:35:54.003000000',2,1,TRUE,FALSE,NULL,150,1,6,'Kreditkarte','reihe1','Kategorie 1','Saal 1','INT. TICKET SERVICE','Baumdorf','2016-04-03 18:00:22.406000000','INT. TICKET SERVICE','Baumdorf',NULL)
COMMIT
DELETE FROM BELEGUNG WHERE REIHEBEZ='reihe2' AND KATEGORIEBEZ='Kategorie 1' AND SAALBEZ='Theater 1' AND ORTBEZ='OPERETTENGEMEINDE BAD ISCHL' AND ORT='Grundlsee' AND DATUMUHRZEIT='2018-11-07 18:00:21.765000000'
INSERT INTO BELEGUNG VALUES('reihe2','Kategorie 1','Theater 1','OPERETTENGEMEINDE BAD ISCHL','Grundlsee','2018-11-07 18:00:21.765000000','VVVVFFFFFFFFFFFFFFFFFFFFFFFFFF',26,0,4)
COMMIT
INSERT INTO TRANSAKTION VALUES('2008-06-12 11:36:43.674000000',4,1,TRUE,FALSE,NULL,112,1,4,'Bar','reihe2','Kategorie 1','Theater 1','OPERETTENGEMEINDE BAD ISCHL','Grundlsee','2018-11-07 18:00:21.765000000','OPERETTENGEMEINDE BAD ISCHL','Grundlsee',NULL)
COMMIT
DELETE FROM BELEGUNG WHERE REIHEBEZ='reihe1' AND KATEGORIEBEZ='Kategorie 1' AND SAALBEZ='Halle 1' AND ORTBEZ='LANDESTHEATER SALZBURG' AND ORT='Schladming' AND DATUMUHRZEIT='2011-01-12 18:00:23.281000000'
INSERT INTO BELEGUNG VALUES('reihe1','Kategorie 1','Halle 1','LANDESTHEATER SALZBURG','Schladming','2011-01-12 18:00:23.281000000','VVVVVFF',2,0,5)
COMMIT
INSERT INTO TRANSAKTION VALUES('2008-06-12 11:37:29.791000000',8,1,TRUE,FALSE,NULL,110,1,5,'PayPal','reihe1','Kategorie 1','Halle 1','LANDESTHEATER SALZBURG','Schladming','2011-01-12 18:00:23.281000000','LANDESTHEATER SALZBURG','Schladming',NULL)
COMMIT
DELETE FROM BELEGUNG WHERE REIHEBEZ='reihe12' AND KATEGORIEBEZ='Kategorie 1' AND SAALBEZ='Halle 1' AND ORTBEZ='LANDESTHEATER SALZBURG' AND ORT='Schladming' AND DATUMUHRZEIT='2011-01-12 18:00:23.281000000'
INSERT INTO BELEGUNG VALUES('reihe12','Kategorie 1','Halle 1','LANDESTHEATER SALZBURG','Schladming','2011-01-12 18:00:23.281000000','FFFFFFVVVVFFFFFFFFF',15,0,4)
COMMIT
INSERT INTO TRANSAKTION VALUES('2008-06-12 11:40:00.808000000',9,1,TRUE,FALSE,NULL,88,7,4,'Kreditkarte','reihe12','Kategorie 1','Halle 1','LANDESTHEATER SALZBURG','Schladming','2011-01-12 18:00:23.281000000','LANDESTHEATER SALZBURG','Schladming',NULL)
COMMIT
DELETE FROM BELEGUNG WHERE REIHEBEZ='reihe2' AND KATEGORIEBEZ='Kategorie 3' AND SAALBEZ='Theater 8' AND ORTBEZ='OPERETTENGEMEINDE BAD ISCHL' AND ORT='Grundlsee' AND DATUMUHRZEIT='2009-09-10 18:00:21.578000000'
INSERT INTO BELEGUNG VALUES('reihe2','Kategorie 3','Theater 8','OPERETTENGEMEINDE BAD ISCHL','Grundlsee','2009-09-10 18:00:21.578000000','VVVVFFFFFFFFFFFFFFFFFFFFFF',22,0,4)
COMMIT
INSERT INTO TRANSAKTION VALUES('2008-06-12 11:41:00.053000000',11,1,TRUE,FALSE,NULL,32,1,4,'Bar','reihe2','Kategorie 3','Theater 8','OPERETTENGEMEINDE BAD ISCHL','Grundlsee','2009-09-10 18:00:21.578000000','OPERETTENGEMEINDE BAD ISCHL','Grundlsee',NULL)
COMMIT
DELETE FROM BELEGUNG WHERE REIHEBEZ='reihe3' AND KATEGORIEBEZ='Premium Kategorie' AND SAALBEZ='Theater 8' AND ORTBEZ='OPERETTENGEMEINDE BAD ISCHL' AND ORT='Grundlsee' AND DATUMUHRZEIT='2009-09-10 18:00:21.578000000'
INSERT INTO BELEGUNG VALUES('reihe3','Premium Kategorie','Theater 8','OPERETTENGEMEINDE BAD ISCHL','Grundlsee','2009-09-10 18:00:21.578000000','FFFFFVVVVFFFFFFFFF',14,0,4)
COMMIT
INSERT INTO TRANSAKTION VALUES('2008-06-12 11:41:28.494000000',13,1,TRUE,FALSE,NULL,28,6,4,'PayPal','reihe3','Premium Kategorie','Theater 8','OPERETTENGEMEINDE BAD ISCHL','Grundlsee','2009-09-10 18:00:21.578000000','OPERETTENGEMEINDE BAD ISCHL','Grundlsee',NULL)
COMMIT
DELETE FROM BELEGUNG WHERE REIHEBEZ='reihe1' AND KATEGORIEBEZ='Kategorie 1' AND SAALBEZ='Halle 1' AND ORTBEZ='LANDESTHEATER SALZBURG' AND ORT='Schladming' AND DATUMUHRZEIT='2014-05-09 18:00:22.984000000'
INSERT INTO BELEGUNG VALUES('reihe1','Kategorie 1','Halle 1','LANDESTHEATER SALZBURG','Schladming','2014-05-09 18:00:22.984000000','VVVVFFF',3,0,4)
COMMIT
INSERT INTO TRANSAKTION VALUES('2008-06-12 11:41:59.889000000',14,1,TRUE,FALSE,NULL,4,1,4,'Kreditkarte','reihe1','Kategorie 1','Halle 1','LANDESTHEATER SALZBURG','Schladming','2014-05-09 18:00:22.984000000','LANDESTHEATER SALZBURG','Schladming',NULL)
COMMIT
DELETE FROM BELEGUNG WHERE REIHEBEZ='reihe1' AND KATEGORIEBEZ='Kategorie 3' AND SAALBEZ='Halle 2' AND ORTBEZ='ALBERT-SCHULTZ-EISHALLE' AND ORT='Ebreichsdorf' AND DATUMUHRZEIT='2018-02-19 18:00:23.656000000'
INSERT INTO BELEGUNG VALUES('reihe1','Kategorie 3','Halle 2','ALBERT-SCHULTZ-EISHALLE','Ebreichsdorf','2018-02-19 18:00:23.656000000','FVVVFFFFFFFFFFFFF',14,0,3)
COMMIT
INSERT INTO TRANSAKTION VALUES('2008-06-12 11:42:40.758000000',15,1,TRUE,FALSE,NULL,27,2,3,'Bar','reihe1','Kategorie 3','Halle 2','ALBERT-SCHULTZ-EISHALLE','Ebreichsdorf','2018-02-19 18:00:23.656000000','ALBERT-SCHULTZ-EISHALLE','Ebreichsdorf',NULL)
COMMIT
DELETE FROM BELEGUNG WHERE REIHEBEZ='reihe1' AND KATEGORIEBEZ='Kategorie 1' AND SAALBEZ='Halle 1' AND ORTBEZ='LANDESTHEATER SALZBURG' AND ORT='Schladming' AND DATUMUHRZEIT='2011-08-20 18:00:23.484000000'
INSERT INTO BELEGUNG VALUES('reihe1','Kategorie 1','Halle 1','LANDESTHEATER SALZBURG','Schladming','2011-08-20 18:00:23.484000000','VVVFFFF',4,0,3)
COMMIT
INSERT INTO TRANSAKTION VALUES('2008-06-12 11:50:09.583000000',20,1,TRUE,FALSE,NULL,66,1,3,'PayPal','reihe1','Kategorie 1','Halle 1','LANDESTHEATER SALZBURG','Schladming','2011-08-20 18:00:23.484000000','LANDESTHEATER SALZBURG','Schladming',NULL)
COMMIT
DELETE FROM BELEGUNG WHERE REIHEBEZ='reihe4' AND KATEGORIEBEZ='Premium Kategorie' AND SAALBEZ='Saal 6' AND ORTBEZ='TIROLER LANDESTHEATER' AND ORT='Graz' AND DATUMUHRZEIT='2013-01-16 18:00:22.281000000'
INSERT INTO BELEGUNG VALUES('reihe4','Premium Kategorie','Saal 6','TIROLER LANDESTHEATER','Graz','2013-01-16 18:00:22.281000000','VVV',0,0,3)
COMMIT
INSERT INTO TRANSAKTION VALUES('2008-06-12 11:50:38.265000000',22,1,TRUE,FALSE,NULL,42,1,3,'Kreditkarte','reihe4','Premium Kategorie','Saal 6','TIROLER LANDESTHEATER','Graz','2013-01-16 18:00:22.281000000','TIROLER LANDESTHEATER','Graz',NULL)
COMMIT
DELETE FROM BELEGUNG WHERE REIHEBEZ='reihe1' AND KATEGORIEBEZ='Kategorie 2' AND SAALBEZ='Saal 4' AND ORTBEZ='SZENE WIEN' AND ORT='Bad Gastein' AND DATUMUHRZEIT='2014-05-17 18:00:23.046000000'
INSERT INTO BELEGUNG VALUES('reihe1','Kategorie 2','Saal 4','SZENE WIEN','Bad Gastein','2014-05-17 18:00:23.046000000','VVVFFF',3,0,3)
COMMIT
INSERT INTO TRANSAKTION VALUES('2008-06-12 11:52:10.888000000',25,1,TRUE,FALSE,NULL,147,1,3,'Bar','reihe1','Kategorie 2','Saal 4','SZENE WIEN','Bad Gastein','2014-05-17 18:00:23.046000000','SZENE WIEN','Bad Gastein',NULL)
COMMIT
DELETE FROM BELEGUNG WHERE REIHEBEZ='reihe7' AND KATEGORIEBEZ='Kategorie 2' AND SAALBEZ='Saal 4' AND ORTBEZ='SZENE WIEN' AND ORT='Bad Gastein' AND DATUMUHRZEIT='2014-05-17 18:00:23.046000000'
INSERT INTO BELEGUNG VALUES('reihe7','Kategorie 2','Saal 4','SZENE WIEN','Bad Gastein','2014-05-17 18:00:23.046000000','FFFFVVFFFFFFFFFFFF',16,0,2)
COMMIT
INSERT INTO TRANSAKTION VALUES('2008-06-12 11:52:41.862000000',26,1,TRUE,FALSE,NULL,98,5,2,'PayPal','reihe7','Kategorie 2','Saal 4','SZENE WIEN','Bad Gastein','2014-05-17 18:00:23.046000000','SZENE WIEN','Bad Gastein',NULL)
COMMIT
DELETE FROM BELEGUNG WHERE REIHEBEZ='reihe10' AND KATEGORIEBEZ='Kategorie 2' AND SAALBEZ='Saal 11' AND ORTBEZ='R\u00d6MERSTEINBRUCH' AND ORT='Stern' AND DATUMUHRZEIT='2010-01-22 18:00:22.484000000'
INSERT INTO BELEGUNG VALUES('reihe10','Kategorie 2','Saal 11','R\u00d6MERSTEINBRUCH','Stern','2010-01-22 18:00:22.484000000','VVFFFRRRRRRRRRRRRRRRRRRFFF',6,18,2)
COMMIT
INSERT INTO TRANSAKTION VALUES('2008-06-12 11:54:07.045000000',27,1,TRUE,FALSE,NULL,94,1,2,'Kreditkarte','reihe10','Kategorie 2','Saal 11','R\u00d6MERSTEINBRUCH','Stern','2010-01-22 18:00:22.484000000','R\u00d6MERSTEINBRUCH','Stern',NULL)
COMMIT
DELETE FROM BELEGUNG WHERE REIHEBEZ='reihe11' AND KATEGORIEBEZ='Kategorie 1' AND SAALBEZ='Halle 1' AND ORTBEZ='LANDESTHEATER SALZBURG' AND ORT='Schladming' AND DATUMUHRZEIT='2016-02-10 18:00:21.468000000'
INSERT INTO BELEGUNG VALUES('reihe11','Kategorie 1','Halle 1','LANDESTHEATER SALZBURG','Schladming','2016-02-10 18:00:21.468000000','FFFFFFVVFFFFFFFFFFFFFFF',21,0,2)
COMMIT
INSERT INTO TRANSAKTION VALUES('2008-06-12 11:54:38.580000000',30,1,TRUE,FALSE,NULL,2,7,2,'Bar','reihe11','Kategorie 1','Halle 1','LANDESTHEATER SALZBURG','Schladming','2016-02-10 18:00:21.468000000','LANDESTHEATER SALZBURG','Schladming',NULL)
COMMIT
DELETE FROM BELEGUNG WHERE REIHEBEZ='reihe1' AND KATEGORIEBEZ='Kategorie 1' AND SAALBEZ='Saal 1' AND ORTBEZ='INT. TICKET SERVICE' AND ORT='Baumdorf' AND DATUMUHRZEIT='2011-11-05 18:00:22.343000000'
INSERT INTO BELEGUNG VALUES('reihe1','Kategorie 1','Saal 1','INT. TICKET SERVICE','Baumdorf','2011-11-05 18:00:22.343000000','VVFFFF',4,0,2)
COMMIT
INSERT INTO TRANSAKTION VALUES('2008-06-12 11:55:36.644000000',32,1,TRUE,FALSE,NULL,72,1,2,'PayPal','reihe1','Kategorie 1','Saal 1','INT. TICKET SERVICE','Baumdorf','2011-11-05 18:00:22.343000000','INT. TICKET SERVICE','Baumdorf',NULL)
COMMIT
DELETE FROM BELEGUNG WHERE REIHEBEZ='reihe1' AND KATEGORIEBEZ='Premium Kategorie' AND SAALBEZ='Saal 1' AND ORTBEZ='INT. TICKET SERVICE' AND ORT='Baumdorf' AND DATUMUHRZEIT='2011-11-05 18:00:22.343000000'
INSERT INTO BELEGUNG VALUES('reihe1','Premium Kategorie','Saal 1','INT. TICKET SERVICE','Baumdorf','2011-11-05 18:00:22.343000000','FFFVFFFFFFFFFFFFFF',17,0,1)
COMMIT
INSERT INTO TRANSAKTION VALUES('2008-06-12 11:55:59.877000000',35,1,TRUE,FALSE,NULL,20,4,1,'Kreditkarte','reihe1','Premium Kategorie','Saal 1','INT. TICKET SERVICE','Baumdorf','2011-11-05 18:00:22.343000000','INT. TICKET SERVICE','Baumdorf',NULL)
COMMIT
DELETE FROM BELEGUNG WHERE REIHEBEZ='reihe3' AND KATEGORIEBEZ='Kategorie 2' AND SAALBEZ='Saal 15' AND ORTBEZ='VELDEN AM W\u00d6RTHESEE' AND ORT='Tauplitz' AND DATUMUHRZEIT='2012-09-15 18:00:22.078000000'
INSERT INTO BELEGUNG VALUES('reihe3','Kategorie 2','Saal 15','VELDEN AM W\u00d6RTHESEE','Tauplitz','2012-09-15 18:00:22.078000000','FFFFFFFFFFFFFVVFFFFFF',19,0,2)
COMMIT
INSERT INTO TRANSAKTION VALUES('2008-06-12 11:56:57.250000000',36,1,TRUE,FALSE,NULL,10,14,2,'Bar','reihe3','Kategorie 2','Saal 15','VELDEN AM W\u00d6RTHESEE','Tauplitz','2012-09-15 18:00:22.078000000','VELDEN AM W\u00d6RTHESEE','Tauplitz',NULL)
COMMIT
DELETE FROM BELEGUNG WHERE REIHEBEZ='reihe4' AND KATEGORIEBEZ='Premium Kategorie' AND SAALBEZ='Saal 15' AND ORTBEZ='R\u00d6MERSTEINBRUCH' AND ORT='Stern' AND DATUMUHRZEIT='2017-01-08 18:00:22.437000000'
INSERT INTO BELEGUNG VALUES('reihe4','Premium Kategorie','Saal 15','R\u00d6MERSTEINBRUCH','Stern','2017-01-08 18:00:22.437000000','FFFRRRRFVFFFFFFFFFF',14,4,1)
COMMIT
INSERT INTO TRANSAKTION VALUES('2008-06-12 11:57:48.183000000',40,1,TRUE,FALSE,NULL,34,9,1,'PayPal','reihe4','Premium Kategorie','Saal 15','R\u00d6MERSTEINBRUCH','Stern','2017-01-08 18:00:22.437000000','R\u00d6MERSTEINBRUCH','Stern',NULL)
COMMIT
/*C2*/DISCONNECT
